2023-09-04 18:51:52,420 =============================================================
2023-09-04 18:51:52,420 =============================================================
2023-09-04 18:51:52,421 Today is 2023-09-04 at 06:51 PM
2023-09-04 18:51:52,421 This file is running on: posix Darwin 22.6.0
2023-09-04 18:51:52,421 The Python version is: 3.11.4
2023-09-04 18:51:52,421 The active conda environment is:  base
2023-09-04 18:51:52,421 The active pip environment is:    None
2023-09-04 18:51:52,421 The active environment path is:   /Library/Frameworks/Python.framework/Versions/3.11
2023-09-04 18:51:52,422 The current working directory is: /Users/juliafangman/Downloads/datafun-03-datatypes
2023-09-04 18:51:52,422 This source file is in:           /Users/juliafangman/Downloads/datafun-03-datatypes
2023-09-04 18:51:52,422 =============================================================
2023-09-04 18:51:52,422 =============================================================
2023-09-04 18:51:52,422 Calling functions from main block
2023-09-04 18:51:52,422 tupleA = (1, 2, 3, 4, 5)
2023-09-04 18:51:52,422 tupleB = (4, 5, 6, 7, 8)
2023-09-04 18:51:52,422 tupleA = (1, 2, 3, 4, 5)
2023-09-04 18:51:52,422 tupleB = (4, 5, 6, 7, 8)
2023-09-04 18:51:52,422 tupleCat = (1, 2, 3, 4, 5, 4, 5, 6, 7, 8)
2023-09-04 18:51:52,422 tupleAThrice = (1, 2, 3, 4, 5, 1, 2, 3, 4, 5, 1, 2, 3, 4, 5)
2023-09-04 18:51:52,422 Quotient: 3, Remainder: 1
2023-09-04 18:51:52,422 setA = {1, 2, 3, 4, 5}
2023-09-04 18:51:52,422 setB = {4, 5, 6, 7, 8}
2023-09-04 18:51:52,423 dogA_dict = {'name': 'Rex', 'age': 2, 'weight_kg': 13.4}
2023-09-04 18:51:52,423 dogB_dict = {'name': 'Fido', 'age': 3, 'weight_kg': 15.2}
2023-09-04 18:51:52,423 assessment_dict = {'low': 0, 'medium': 1, 'high': 2}
2023-09-04 18:51:52,423 data_dict = {'name': ['Alice', 'Bob', 'Charlie', 'David'], 'age': [25, 30, 35, 40], 'income': [50000, 60000, 70000, 80000]}
2023-09-04 18:51:52,423 TennisPlayerA_dict = {'name': 'Djokovic', 'age': 36, 'weight_lbs': 170}
2023-09-04 18:51:52,423 TennisPlayerB_dict = {'name': 'Nadal', 'age': 37, 'weight_lbs': 187}
2023-09-04 18:51:52,424 Word count is a good way to begin processing text.
2023-09-04 18:51:52,424 Given text_simple.txt, the word_counts_dict = {'One': 1, 'fish': 3, 'two': 1, 'red': 1, 'blue': 1, 'fish.': 1}
2023-09-04 18:51:52,424 Given text_simple.txt and comprehensions,
2023-09-04 18:51:52,424 the the word_counts_dict2 = {'One': 1, 'fish': 3, 'two': 1, 'red': 1, 'blue': 1, 'fish.': 1}
2023-09-04 18:51:52,424 Add more logging statements to the code to see what happens.
2023-09-04 18:51:52,424 Explore enough to understand.
2023-09-04 18:51:52,424 Apply these skills to your own topic domain.
